<?xml version="1.0" encoding="UTF-8"?>
<!-- Generated by org.testng.reporters.JUnitXMLReporter -->
<testsuite ignored="0" hostname="Nehas-Air.lan" failures="0" tests="2" name="Default test" time="39.198" errors="0" timestamp="2024-07-10T14:23:28 MDT">
  <testcase classname="seleniumframeworklearning.testcases.SubmitSingleProductOrderTest" name="placeSingleProductOrder" time="16.694"/>
  <testcase classname="seleniumframeworklearning.testcases.SubmitSingleProductOrderTest" name="verifySingleProductOrder" time="1.678"/>
</testsuite> <!-- Default test -->
