<?xml version="1.0" encoding="UTF-8"?>
<!-- Generated by org.testng.reporters.JUnitXMLReporter -->
<testsuite ignored="0" hostname="Nehas-Air.lan" failures="0" tests="3" name="Submit Order Test" time="44.325" errors="0" timestamp="2024-07-11T11:00:58 MDT">
  <testcase classname="seleniumframeworklearning.testcases.SubmitSingleProductOrderTest" name="singleProductSubmitOrderTest" time="8.114"/>
  <testcase classname="seleniumframeworklearning.testcases.SubmitSingleProductOrderTest" name="singleProductSubmitOrderTest" time="7.189"/>
  <testcase classname="seleniumframeworklearning.testcases.SubmitSingleProductOrderTest" name="singleProductOrderHistoryTest" time="1.505"/>
</testsuite> <!-- Submit Order Test -->
