<?xml version="1.0" encoding="UTF-8"?>
<!-- Generated by org.testng.reporters.JUnitXMLReporter -->
<testsuite ignored="0" hostname="Nehas-Air.lan" failures="0" tests="3" name="Submit Order Test" time="60.067" errors="0" timestamp="2024-07-11T00:43:05 MDT">
  <testcase classname="seleniumframeworklearning.testcases.SubmitSingleProductOrderTest" name="singleProductSubmitOrderTest" time="9.28"/>
  <testcase classname="seleniumframeworklearning.testcases.SubmitSingleProductOrderTest" name="singleProductSubmitOrderTest" time="8.266"/>
  <testcase classname="seleniumframeworklearning.testcases.SubmitSingleProductOrderTest" name="singleProductOrderHistoryTest" time="2.244"/>
</testsuite> <!-- Submit Order Test -->
